{"total": {"lines":{"total":943,"covered":933,"skipped":0,"pct":98.93},"statements":{"total":984,"covered":974,"skipped":0,"pct":98.98},"functions":{"total":216,"covered":214,"skipped":0,"pct":99.07},"branches":{"total":489,"covered":477,"skipped":0,"pct":97.54},"branchesTrue":{"total":0,"covered":0,"skipped":0,"pct":100}}
,"/home/runner/work/aelf-web3.js/aelf-web3.js/src/index.js": {"lines":{"total":12,"covered":12,"skipped":0,"pct":100},"functions":{"total":3,"covered":3,"skipped":0,"pct":100},"statements":{"total":12,"covered":12,"skipped":0,"pct":100},"branches":{"total":2,"covered":2,"skipped":0,"pct":100}}
,"/home/runner/work/aelf-web3.js/aelf-web3.js/src/chain/chainMethod.js": {"lines":{"total":35,"covered":35,"skipped":0,"pct":100},"functions":{"total":10,"covered":10,"skipped":0,"pct":100},"statements":{"total":35,"covered":35,"skipped":0,"pct":100},"branches":{"total":24,"covered":24,"skipped":0,"pct":100}}
,"/home/runner/work/aelf-web3.js/aelf-web3.js/src/chain/index.js": {"lines":{"total":61,"covered":61,"skipped":0,"pct":100},"functions":{"total":13,"covered":13,"skipped":0,"pct":100},"statements":{"total":63,"covered":63,"skipped":0,"pct":100},"branches":{"total":28,"covered":28,"skipped":0,"pct":100}}
,"/home/runner/work/aelf-web3.js/aelf-web3.js/src/contract/contractMethod.js": {"lines":{"total":146,"covered":145,"skipped":0,"pct":99.31},"functions":{"total":28,"covered":28,"skipped":0,"pct":100},"statements":{"total":150,"covered":149,"skipped":0,"pct":99.33},"branches":{"total":66,"covered":63,"skipped":0,"pct":95.45}}
,"/home/runner/work/aelf-web3.js/aelf-web3.js/src/contract/index.js": {"lines":{"total":24,"covered":24,"skipped":0,"pct":100},"functions":{"total":11,"covered":11,"skipped":0,"pct":100},"statements":{"total":25,"covered":25,"skipped":0,"pct":100},"branches":{"total":6,"covered":6,"skipped":0,"pct":100}}
,"/home/runner/work/aelf-web3.js/aelf-web3.js/src/util/bloom.js": {"lines":{"total":25,"covered":25,"skipped":0,"pct":100},"functions":{"total":6,"covered":6,"skipped":0,"pct":100},"statements":{"total":26,"covered":26,"skipped":0,"pct":100},"branches":{"total":24,"covered":24,"skipped":0,"pct":100}}
,"/home/runner/work/aelf-web3.js/aelf-web3.js/src/util/errors.js": {"lines":{"total":8,"covered":8,"skipped":0,"pct":100},"functions":{"total":5,"covered":5,"skipped":0,"pct":100},"statements":{"total":8,"covered":8,"skipped":0,"pct":100},"branches":{"total":0,"covered":0,"skipped":0,"pct":100}}
,"/home/runner/work/aelf-web3.js/aelf-web3.js/src/util/formatters.js": {"lines":{"total":20,"covered":20,"skipped":0,"pct":100},"functions":{"total":3,"covered":3,"skipped":0,"pct":100},"statements":{"total":20,"covered":20,"skipped":0,"pct":100},"branches":{"total":8,"covered":8,"skipped":0,"pct":100}}
,"/home/runner/work/aelf-web3.js/aelf-web3.js/src/util/httpProvider.js": {"lines":{"total":118,"covered":109,"skipped":0,"pct":92.37},"functions":{"total":25,"covered":23,"skipped":0,"pct":92},"statements":{"total":120,"covered":111,"skipped":0,"pct":92.5},"branches":{"total":69,"covered":62,"skipped":0,"pct":89.85}}
,"/home/runner/work/aelf-web3.js/aelf-web3.js/src/util/keccak.js": {"lines":{"total":14,"covered":14,"skipped":0,"pct":100},"functions":{"total":2,"covered":2,"skipped":0,"pct":100},"statements":{"total":17,"covered":17,"skipped":0,"pct":100},"branches":{"total":2,"covered":2,"skipped":0,"pct":100}}
,"/home/runner/work/aelf-web3.js/aelf-web3.js/src/util/keyStore.js": {"lines":{"total":38,"covered":38,"skipped":0,"pct":100},"functions":{"total":3,"covered":3,"skipped":0,"pct":100},"statements":{"total":38,"covered":38,"skipped":0,"pct":100},"branches":{"total":20,"covered":20,"skipped":0,"pct":100}}
,"/home/runner/work/aelf-web3.js/aelf-web3.js/src/util/merkleTree.js": {"lines":{"total":49,"covered":49,"skipped":0,"pct":100},"functions":{"total":6,"covered":6,"skipped":0,"pct":100},"statements":{"total":53,"covered":53,"skipped":0,"pct":100},"branches":{"total":22,"covered":22,"skipped":0,"pct":100}}
,"/home/runner/work/aelf-web3.js/aelf-web3.js/src/util/proto.js": {"lines":{"total":85,"covered":85,"skipped":0,"pct":100},"functions":{"total":23,"covered":23,"skipped":0,"pct":100},"statements":{"total":91,"covered":91,"skipped":0,"pct":100},"branches":{"total":33,"covered":33,"skipped":0,"pct":100}}
,"/home/runner/work/aelf-web3.js/aelf-web3.js/src/util/requestManage.js": {"lines":{"total":11,"covered":11,"skipped":0,"pct":100},"functions":{"total":5,"covered":5,"skipped":0,"pct":100},"statements":{"total":11,"covered":11,"skipped":0,"pct":100},"branches":{"total":5,"covered":5,"skipped":0,"pct":100}}
,"/home/runner/work/aelf-web3.js/aelf-web3.js/src/util/settings.js": {"lines":{"total":1,"covered":1,"skipped":0,"pct":100},"functions":{"total":1,"covered":1,"skipped":0,"pct":100},"statements":{"total":1,"covered":1,"skipped":0,"pct":100},"branches":{"total":0,"covered":0,"skipped":0,"pct":100}}
,"/home/runner/work/aelf-web3.js/aelf-web3.js/src/util/sha256.js": {"lines":{"total":13,"covered":13,"skipped":0,"pct":100},"functions":{"total":2,"covered":2,"skipped":0,"pct":100},"statements":{"total":13,"covered":13,"skipped":0,"pct":100},"branches":{"total":0,"covered":0,"skipped":0,"pct":100}}
,"/home/runner/work/aelf-web3.js/aelf-web3.js/src/util/transform.js": {"lines":{"total":94,"covered":94,"skipped":0,"pct":100},"functions":{"total":25,"covered":25,"skipped":0,"pct":100},"statements":{"total":103,"covered":103,"skipped":0,"pct":100},"branches":{"total":102,"covered":102,"skipped":0,"pct":100}}
,"/home/runner/work/aelf-web3.js/aelf-web3.js/src/util/utils.js": {"lines":{"total":120,"covered":120,"skipped":0,"pct":100},"functions":{"total":33,"covered":33,"skipped":0,"pct":100},"statements":{"total":125,"covered":125,"skipped":0,"pct":100},"branches":{"total":56,"covered":56,"skipped":0,"pct":100}}
,"/home/runner/work/aelf-web3.js/aelf-web3.js/src/wallet/index.js": {"lines":{"total":69,"covered":69,"skipped":0,"pct":100},"functions":{"total":12,"covered":12,"skipped":0,"pct":100},"statements":{"total":73,"covered":73,"skipped":0,"pct":100},"branches":{"total":22,"covered":20,"skipped":0,"pct":90.9}}
}
